<?xml version="1.0" encoding="UTF-8"?>
<testsuite xmlns:xsi="http://www.w3.org/2001/XMLSchema-instance" xsi:noNamespaceSchemaLocation="https://maven.apache.org/surefire/maven-surefire-plugin/xsd/surefire-test-report.xsd" name="com.fakelook.main.DemoApplicationTests" time="50.243" tests="1" errors="0" skipped="0" failures="0">
  <properties>
    <property name="sun.desktop" value="windows"/>
    <property name="awt.toolkit" value="sun.awt.windows.WToolkit"/>
    <property name="file.encoding.pkg" value="sun.io"/>
    <property name="java.specification.version" value="1.8"/>
    <property name="sun.cpu.isalist" value="pentium_pro+mmx pentium_pro pentium+mmx pentium i486 i386 i86"/>
    <property name="sun.jnu.encoding" value="Cp1252"/>
    <property name="java.class.path" value="H:\Workspace\demo\target\test-classes;H:\Workspace\demo\target\classes;H:\Chatbot\Maven_settings\org\springframework\boot\spring-boot-starter-actuator\2.1.1.RELEASE\spring-boot-starter-actuator-2.1.1.RELEASE.jar;H:\Chatbot\Maven_settings\org\springframework\boot\spring-boot-starter\2.1.1.RELEASE\spring-boot-starter-2.1.1.RELEASE.jar;H:\Chatbot\Maven_settings\org\springframework\boot\spring-boot-starter-logging\2.1.1.RELEASE\spring-boot-starter-logging-2.1.1.RELEASE.jar;H:\Chatbot\Maven_settings\ch\qos\logback\logback-classic\1.2.3\logback-classic-1.2.3.jar;H:\Chatbot\Maven_settings\ch\qos\logback\logback-core\1.2.3\logback-core-1.2.3.jar;H:\Chatbot\Maven_settings\org\apache\logging\log4j\log4j-to-slf4j\2.11.1\log4j-to-slf4j-2.11.1.jar;H:\Chatbot\Maven_settings\org\apache\logging\log4j\log4j-api\2.11.1\log4j-api-2.11.1.jar;H:\Chatbot\Maven_settings\org\slf4j\jul-to-slf4j\1.7.25\jul-to-slf4j-1.7.25.jar;H:\Chatbot\Maven_settings\javax\annotation\javax.annotation-api\1.3.2\javax.annotation-api-1.3.2.jar;H:\Chatbot\Maven_settings\org\yaml\snakeyaml\1.23\snakeyaml-1.23.jar;H:\Chatbot\Maven_settings\org\springframework\boot\spring-boot-actuator-autoconfigure\2.1.1.RELEASE\spring-boot-actuator-autoconfigure-2.1.1.RELEASE.jar;H:\Chatbot\Maven_settings\org\springframework\boot\spring-boot-actuator\2.1.1.RELEASE\spring-boot-actuator-2.1.1.RELEASE.jar;H:\Chatbot\Maven_settings\com\fasterxml\jackson\core\jackson-databind\2.9.7\jackson-databind-2.9.7.jar;H:\Chatbot\Maven_settings\com\fasterxml\jackson\core\jackson-annotations\2.9.0\jackson-annotations-2.9.0.jar;H:\Chatbot\Maven_settings\com\fasterxml\jackson\core\jackson-core\2.9.7\jackson-core-2.9.7.jar;H:\Chatbot\Maven_settings\org\springframework\spring-context\5.1.3.RELEASE\spring-context-5.1.3.RELEASE.jar;H:\Chatbot\Maven_settings\com\fasterxml\jackson\datatype\jackson-datatype-jsr310\2.9.7\jackson-datatype-jsr310-2.9.7.jar;H:\Chatbot\Maven_settings\io\micrometer\micrometer-core\1.1.1\micrometer-core-1.1.1.jar;H:\Chatbot\Maven_settings\org\hdrhistogram\HdrHistogram\2.1.9\HdrHistogram-2.1.9.jar;H:\Chatbot\Maven_settings\org\latencyutils\LatencyUtils\2.0.3\LatencyUtils-2.0.3.jar;H:\Chatbot\Maven_settings\org\springframework\boot\spring-boot-starter-data-jpa\2.1.1.RELEASE\spring-boot-starter-data-jpa-2.1.1.RELEASE.jar;H:\Chatbot\Maven_settings\org\springframework\boot\spring-boot-starter-aop\2.1.1.RELEASE\spring-boot-starter-aop-2.1.1.RELEASE.jar;H:\Chatbot\Maven_settings\org\aspectj\aspectjweaver\1.9.2\aspectjweaver-1.9.2.jar;H:\Chatbot\Maven_settings\org\springframework\boot\spring-boot-starter-jdbc\2.1.1.RELEASE\spring-boot-starter-jdbc-2.1.1.RELEASE.jar;H:\Chatbot\Maven_settings\com\zaxxer\HikariCP\3.2.0\HikariCP-3.2.0.jar;H:\Chatbot\Maven_settings\org\springframework\spring-jdbc\5.1.3.RELEASE\spring-jdbc-5.1.3.RELEASE.jar;H:\Chatbot\Maven_settings\javax\transaction\javax.transaction-api\1.3\javax.transaction-api-1.3.jar;H:\Chatbot\Maven_settings\javax\xml\bind\jaxb-api\2.3.1\jaxb-api-2.3.1.jar;H:\Chatbot\Maven_settings\javax\activation\javax.activation-api\1.2.0\javax.activation-api-1.2.0.jar;H:\Chatbot\Maven_settings\org\hibernate\hibernate-core\5.3.7.Final\hibernate-core-5.3.7.Final.jar;H:\Chatbot\Maven_settings\org\jboss\logging\jboss-logging\3.3.2.Final\jboss-logging-3.3.2.Final.jar;H:\Chatbot\Maven_settings\javax\persistence\javax.persistence-api\2.2\javax.persistence-api-2.2.jar;H:\Chatbot\Maven_settings\org\javassist\javassist\3.23.1-GA\javassist-3.23.1-GA.jar;H:\Chatbot\Maven_settings\net\bytebuddy\byte-buddy\1.9.5\byte-buddy-1.9.5.jar;H:\Chatbot\Maven_settings\antlr\antlr\2.7.7\antlr-2.7.7.jar;H:\Chatbot\Maven_settings\org\jboss\jandex\2.0.5.Final\jandex-2.0.5.Final.jar;H:\Chatbot\Maven_settings\com\fasterxml\classmate\1.4.0\classmate-1.4.0.jar;H:\Chatbot\Maven_settings\org\dom4j\dom4j\2.1.1\dom4j-2.1.1.jar;H:\Chatbot\Maven_settings\org\hibernate\common\hibernate-commons-annotations\5.0.4.Final\hibernate-commons-annotations-5.0.4.Final.jar;H:\Chatbot\Maven_settings\org\springframework\data\spring-data-jpa\2.1.3.RELEASE\spring-data-jpa-2.1.3.RELEASE.jar;H:\Chatbot\Maven_settings\org\springframework\data\spring-data-commons\2.1.3.RELEASE\spring-data-commons-2.1.3.RELEASE.jar;H:\Chatbot\Maven_settings\org\springframework\spring-orm\5.1.3.RELEASE\spring-orm-5.1.3.RELEASE.jar;H:\Chatbot\Maven_settings\org\springframework\spring-tx\5.1.3.RELEASE\spring-tx-5.1.3.RELEASE.jar;H:\Chatbot\Maven_settings\org\springframework\spring-beans\5.1.3.RELEASE\spring-beans-5.1.3.RELEASE.jar;H:\Chatbot\Maven_settings\org\slf4j\slf4j-api\1.7.25\slf4j-api-1.7.25.jar;H:\Chatbot\Maven_settings\org\springframework\spring-aspects\5.1.3.RELEASE\spring-aspects-5.1.3.RELEASE.jar;H:\Chatbot\Maven_settings\org\springframework\boot\spring-boot-starter-security\2.1.1.RELEASE\spring-boot-starter-security-2.1.1.RELEASE.jar;H:\Chatbot\Maven_settings\org\springframework\spring-aop\5.1.3.RELEASE\spring-aop-5.1.3.RELEASE.jar;H:\Chatbot\Maven_settings\org\springframework\security\spring-security-config\5.1.2.RELEASE\spring-security-config-5.1.2.RELEASE.jar;H:\Chatbot\Maven_settings\org\springframework\security\spring-security-web\5.1.2.RELEASE\spring-security-web-5.1.2.RELEASE.jar;H:\Chatbot\Maven_settings\org\springframework\spring-expression\5.1.3.RELEASE\spring-expression-5.1.3.RELEASE.jar;H:\Chatbot\Maven_settings\org\springframework\boot\spring-boot-starter-web\2.1.1.RELEASE\spring-boot-starter-web-2.1.1.RELEASE.jar;H:\Chatbot\Maven_settings\org\springframework\boot\spring-boot-starter-json\2.1.1.RELEASE\spring-boot-starter-json-2.1.1.RELEASE.jar;H:\Chatbot\Maven_settings\com\fasterxml\jackson\datatype\jackson-datatype-jdk8\2.9.7\jackson-datatype-jdk8-2.9.7.jar;H:\Chatbot\Maven_settings\com\fasterxml\jackson\module\jackson-module-parameter-names\2.9.7\jackson-module-parameter-names-2.9.7.jar;H:\Chatbot\Maven_settings\org\springframework\boot\spring-boot-starter-tomcat\2.1.1.RELEASE\spring-boot-starter-tomcat-2.1.1.RELEASE.jar;H:\Chatbot\Maven_settings\org\apache\tomcat\embed\tomcat-embed-core\9.0.13\tomcat-embed-core-9.0.13.jar;H:\Chatbot\Maven_settings\org\apache\tomcat\embed\tomcat-embed-el\9.0.13\tomcat-embed-el-9.0.13.jar;H:\Chatbot\Maven_settings\org\apache\tomcat\embed\tomcat-embed-websocket\9.0.13\tomcat-embed-websocket-9.0.13.jar;H:\Chatbot\Maven_settings\org\hibernate\validator\hibernate-validator\6.0.13.Final\hibernate-validator-6.0.13.Final.jar;H:\Chatbot\Maven_settings\javax\validation\validation-api\2.0.1.Final\validation-api-2.0.1.Final.jar;H:\Chatbot\Maven_settings\org\springframework\spring-web\5.1.3.RELEASE\spring-web-5.1.3.RELEASE.jar;H:\Chatbot\Maven_settings\org\springframework\spring-webmvc\5.1.3.RELEASE\spring-webmvc-5.1.3.RELEASE.jar;H:\Chatbot\Maven_settings\org\springframework\boot\spring-boot-devtools\2.1.1.RELEASE\spring-boot-devtools-2.1.1.RELEASE.jar;H:\Chatbot\Maven_settings\org\springframework\boot\spring-boot\2.1.1.RELEASE\spring-boot-2.1.1.RELEASE.jar;H:\Chatbot\Maven_settings\org\springframework\boot\spring-boot-autoconfigure\2.1.1.RELEASE\spring-boot-autoconfigure-2.1.1.RELEASE.jar;H:\Chatbot\Maven_settings\mysql\mysql-connector-java\8.0.13\mysql-connector-java-8.0.13.jar;H:\Chatbot\Maven_settings\org\projectlombok\lombok\1.18.4\lombok-1.18.4.jar;H:\Chatbot\Maven_settings\com\google\code\gson\gson\2.8.5\gson-2.8.5.jar;H:\Chatbot\Maven_settings\org\springframework\boot\spring-boot-starter-test\2.1.1.RELEASE\spring-boot-starter-test-2.1.1.RELEASE.jar;H:\Chatbot\Maven_settings\org\springframework\boot\spring-boot-test\2.1.1.RELEASE\spring-boot-test-2.1.1.RELEASE.jar;H:\Chatbot\Maven_settings\org\springframework\boot\spring-boot-test-autoconfigure\2.1.1.RELEASE\spring-boot-test-autoconfigure-2.1.1.RELEASE.jar;H:\Chatbot\Maven_settings\com\jayway\jsonpath\json-path\2.4.0\json-path-2.4.0.jar;H:\Chatbot\Maven_settings\net\minidev\json-smart\2.3\json-smart-2.3.jar;H:\Chatbot\Maven_settings\net\minidev\accessors-smart\1.2\accessors-smart-1.2.jar;H:\Chatbot\Maven_settings\org\ow2\asm\asm\5.0.4\asm-5.0.4.jar;H:\Chatbot\Maven_settings\junit\junit\4.12\junit-4.12.jar;H:\Chatbot\Maven_settings\org\assertj\assertj-core\3.11.1\assertj-core-3.11.1.jar;H:\Chatbot\Maven_settings\org\mockito\mockito-core\2.23.4\mockito-core-2.23.4.jar;H:\Chatbot\Maven_settings\net\bytebuddy\byte-buddy-agent\1.9.5\byte-buddy-agent-1.9.5.jar;H:\Chatbot\Maven_settings\org\objenesis\objenesis\2.6\objenesis-2.6.jar;H:\Chatbot\Maven_settings\org\hamcrest\hamcrest-core\1.3\hamcrest-core-1.3.jar;H:\Chatbot\Maven_settings\org\hamcrest\hamcrest-library\1.3\hamcrest-library-1.3.jar;H:\Chatbot\Maven_settings\org\skyscreamer\jsonassert\1.5.0\jsonassert-1.5.0.jar;H:\Chatbot\Maven_settings\com\vaadin\external\google\android-json\0.0.20131108.vaadin1\android-json-0.0.20131108.vaadin1.jar;H:\Chatbot\Maven_settings\org\springframework\spring-core\5.1.3.RELEASE\spring-core-5.1.3.RELEASE.jar;H:\Chatbot\Maven_settings\org\springframework\spring-jcl\5.1.3.RELEASE\spring-jcl-5.1.3.RELEASE.jar;H:\Chatbot\Maven_settings\org\springframework\spring-test\5.1.3.RELEASE\spring-test-5.1.3.RELEASE.jar;H:\Chatbot\Maven_settings\org\xmlunit\xmlunit-core\2.6.2\xmlunit-core-2.6.2.jar;H:\Chatbot\Maven_settings\org\springframework\security\spring-security-test\5.1.2.RELEASE\spring-security-test-5.1.2.RELEASE.jar;H:\Chatbot\Maven_settings\org\springframework\security\spring-security-core\5.1.2.RELEASE\spring-security-core-5.1.2.RELEASE.jar;"/>
    <property name="java.vm.vendor" value="Oracle Corporation"/>
    <property name="sun.arch.data.model" value="32"/>
    <property name="user.variant" value=""/>
    <property name="java.vendor.url" value="http://java.oracle.com/"/>
    <property name="user.timezone" value="Asia/Calcutta"/>
    <property name="java.vm.specification.version" value="1.8"/>
    <property name="os.name" value="Windows 7"/>
    <property name="user.country" value="US"/>
    <property name="sun.java.launcher" value="SUN_STANDARD"/>
    <property name="sun.boot.library.path" value="C:\Users\sg853a\Downloads\jdk1.8.0_60\jre\bin"/>
    <property name="sun.java.command" value="C:\Users\sg853a\AppData\Local\Temp\surefire6694409777822447271\surefirebooter7830138138247574948.jar C:\Users\sg853a\AppData\Local\Temp\surefire6694409777822447271 2018-12-10T19-56-57_820-jvmRun1 surefire6578469393233185089tmp surefire_02183703784730588268tmp"/>
    <property name="surefire.test.class.path" value="H:\Workspace\demo\target\test-classes;H:\Workspace\demo\target\classes;H:\Chatbot\Maven_settings\org\springframework\boot\spring-boot-starter-actuator\2.1.1.RELEASE\spring-boot-starter-actuator-2.1.1.RELEASE.jar;H:\Chatbot\Maven_settings\org\springframework\boot\spring-boot-starter\2.1.1.RELEASE\spring-boot-starter-2.1.1.RELEASE.jar;H:\Chatbot\Maven_settings\org\springframework\boot\spring-boot-starter-logging\2.1.1.RELEASE\spring-boot-starter-logging-2.1.1.RELEASE.jar;H:\Chatbot\Maven_settings\ch\qos\logback\logback-classic\1.2.3\logback-classic-1.2.3.jar;H:\Chatbot\Maven_settings\ch\qos\logback\logback-core\1.2.3\logback-core-1.2.3.jar;H:\Chatbot\Maven_settings\org\apache\logging\log4j\log4j-to-slf4j\2.11.1\log4j-to-slf4j-2.11.1.jar;H:\Chatbot\Maven_settings\org\apache\logging\log4j\log4j-api\2.11.1\log4j-api-2.11.1.jar;H:\Chatbot\Maven_settings\org\slf4j\jul-to-slf4j\1.7.25\jul-to-slf4j-1.7.25.jar;H:\Chatbot\Maven_settings\javax\annotation\javax.annotation-api\1.3.2\javax.annotation-api-1.3.2.jar;H:\Chatbot\Maven_settings\org\yaml\snakeyaml\1.23\snakeyaml-1.23.jar;H:\Chatbot\Maven_settings\org\springframework\boot\spring-boot-actuator-autoconfigure\2.1.1.RELEASE\spring-boot-actuator-autoconfigure-2.1.1.RELEASE.jar;H:\Chatbot\Maven_settings\org\springframework\boot\spring-boot-actuator\2.1.1.RELEASE\spring-boot-actuator-2.1.1.RELEASE.jar;H:\Chatbot\Maven_settings\com\fasterxml\jackson\core\jackson-databind\2.9.7\jackson-databind-2.9.7.jar;H:\Chatbot\Maven_settings\com\fasterxml\jackson\core\jackson-annotations\2.9.0\jackson-annotations-2.9.0.jar;H:\Chatbot\Maven_settings\com\fasterxml\jackson\core\jackson-core\2.9.7\jackson-core-2.9.7.jar;H:\Chatbot\Maven_settings\org\springframework\spring-context\5.1.3.RELEASE\spring-context-5.1.3.RELEASE.jar;H:\Chatbot\Maven_settings\com\fasterxml\jackson\datatype\jackson-datatype-jsr310\2.9.7\jackson-datatype-jsr310-2.9.7.jar;H:\Chatbot\Maven_settings\io\micrometer\micrometer-core\1.1.1\micrometer-core-1.1.1.jar;H:\Chatbot\Maven_settings\org\hdrhistogram\HdrHistogram\2.1.9\HdrHistogram-2.1.9.jar;H:\Chatbot\Maven_settings\org\latencyutils\LatencyUtils\2.0.3\LatencyUtils-2.0.3.jar;H:\Chatbot\Maven_settings\org\springframework\boot\spring-boot-starter-data-jpa\2.1.1.RELEASE\spring-boot-starter-data-jpa-2.1.1.RELEASE.jar;H:\Chatbot\Maven_settings\org\springframework\boot\spring-boot-starter-aop\2.1.1.RELEASE\spring-boot-starter-aop-2.1.1.RELEASE.jar;H:\Chatbot\Maven_settings\org\aspectj\aspectjweaver\1.9.2\aspectjweaver-1.9.2.jar;H:\Chatbot\Maven_settings\org\springframework\boot\spring-boot-starter-jdbc\2.1.1.RELEASE\spring-boot-starter-jdbc-2.1.1.RELEASE.jar;H:\Chatbot\Maven_settings\com\zaxxer\HikariCP\3.2.0\HikariCP-3.2.0.jar;H:\Chatbot\Maven_settings\org\springframework\spring-jdbc\5.1.3.RELEASE\spring-jdbc-5.1.3.RELEASE.jar;H:\Chatbot\Maven_settings\javax\transaction\javax.transaction-api\1.3\javax.transaction-api-1.3.jar;H:\Chatbot\Maven_settings\javax\xml\bind\jaxb-api\2.3.1\jaxb-api-2.3.1.jar;H:\Chatbot\Maven_settings\javax\activation\javax.activation-api\1.2.0\javax.activation-api-1.2.0.jar;H:\Chatbot\Maven_settings\org\hibernate\hibernate-core\5.3.7.Final\hibernate-core-5.3.7.Final.jar;H:\Chatbot\Maven_settings\org\jboss\logging\jboss-logging\3.3.2.Final\jboss-logging-3.3.2.Final.jar;H:\Chatbot\Maven_settings\javax\persistence\javax.persistence-api\2.2\javax.persistence-api-2.2.jar;H:\Chatbot\Maven_settings\org\javassist\javassist\3.23.1-GA\javassist-3.23.1-GA.jar;H:\Chatbot\Maven_settings\net\bytebuddy\byte-buddy\1.9.5\byte-buddy-1.9.5.jar;H:\Chatbot\Maven_settings\antlr\antlr\2.7.7\antlr-2.7.7.jar;H:\Chatbot\Maven_settings\org\jboss\jandex\2.0.5.Final\jandex-2.0.5.Final.jar;H:\Chatbot\Maven_settings\com\fasterxml\classmate\1.4.0\classmate-1.4.0.jar;H:\Chatbot\Maven_settings\org\dom4j\dom4j\2.1.1\dom4j-2.1.1.jar;H:\Chatbot\Maven_settings\org\hibernate\common\hibernate-commons-annotations\5.0.4.Final\hibernate-commons-annotations-5.0.4.Final.jar;H:\Chatbot\Maven_settings\org\springframework\data\spring-data-jpa\2.1.3.RELEASE\spring-data-jpa-2.1.3.RELEASE.jar;H:\Chatbot\Maven_settings\org\springframework\data\spring-data-commons\2.1.3.RELEASE\spring-data-commons-2.1.3.RELEASE.jar;H:\Chatbot\Maven_settings\org\springframework\spring-orm\5.1.3.RELEASE\spring-orm-5.1.3.RELEASE.jar;H:\Chatbot\Maven_settings\org\springframework\spring-tx\5.1.3.RELEASE\spring-tx-5.1.3.RELEASE.jar;H:\Chatbot\Maven_settings\org\springframework\spring-beans\5.1.3.RELEASE\spring-beans-5.1.3.RELEASE.jar;H:\Chatbot\Maven_settings\org\slf4j\slf4j-api\1.7.25\slf4j-api-1.7.25.jar;H:\Chatbot\Maven_settings\org\springframework\spring-aspects\5.1.3.RELEASE\spring-aspects-5.1.3.RELEASE.jar;H:\Chatbot\Maven_settings\org\springframework\boot\spring-boot-starter-security\2.1.1.RELEASE\spring-boot-starter-security-2.1.1.RELEASE.jar;H:\Chatbot\Maven_settings\org\springframework\spring-aop\5.1.3.RELEASE\spring-aop-5.1.3.RELEASE.jar;H:\Chatbot\Maven_settings\org\springframework\security\spring-security-config\5.1.2.RELEASE\spring-security-config-5.1.2.RELEASE.jar;H:\Chatbot\Maven_settings\org\springframework\security\spring-security-web\5.1.2.RELEASE\spring-security-web-5.1.2.RELEASE.jar;H:\Chatbot\Maven_settings\org\springframework\spring-expression\5.1.3.RELEASE\spring-expression-5.1.3.RELEASE.jar;H:\Chatbot\Maven_settings\org\springframework\boot\spring-boot-starter-web\2.1.1.RELEASE\spring-boot-starter-web-2.1.1.RELEASE.jar;H:\Chatbot\Maven_settings\org\springframework\boot\spring-boot-starter-json\2.1.1.RELEASE\spring-boot-starter-json-2.1.1.RELEASE.jar;H:\Chatbot\Maven_settings\com\fasterxml\jackson\datatype\jackson-datatype-jdk8\2.9.7\jackson-datatype-jdk8-2.9.7.jar;H:\Chatbot\Maven_settings\com\fasterxml\jackson\module\jackson-module-parameter-names\2.9.7\jackson-module-parameter-names-2.9.7.jar;H:\Chatbot\Maven_settings\org\springframework\boot\spring-boot-starter-tomcat\2.1.1.RELEASE\spring-boot-starter-tomcat-2.1.1.RELEASE.jar;H:\Chatbot\Maven_settings\org\apache\tomcat\embed\tomcat-embed-core\9.0.13\tomcat-embed-core-9.0.13.jar;H:\Chatbot\Maven_settings\org\apache\tomcat\embed\tomcat-embed-el\9.0.13\tomcat-embed-el-9.0.13.jar;H:\Chatbot\Maven_settings\org\apache\tomcat\embed\tomcat-embed-websocket\9.0.13\tomcat-embed-websocket-9.0.13.jar;H:\Chatbot\Maven_settings\org\hibernate\validator\hibernate-validator\6.0.13.Final\hibernate-validator-6.0.13.Final.jar;H:\Chatbot\Maven_settings\javax\validation\validation-api\2.0.1.Final\validation-api-2.0.1.Final.jar;H:\Chatbot\Maven_settings\org\springframework\spring-web\5.1.3.RELEASE\spring-web-5.1.3.RELEASE.jar;H:\Chatbot\Maven_settings\org\springframework\spring-webmvc\5.1.3.RELEASE\spring-webmvc-5.1.3.RELEASE.jar;H:\Chatbot\Maven_settings\org\springframework\boot\spring-boot-devtools\2.1.1.RELEASE\spring-boot-devtools-2.1.1.RELEASE.jar;H:\Chatbot\Maven_settings\org\springframework\boot\spring-boot\2.1.1.RELEASE\spring-boot-2.1.1.RELEASE.jar;H:\Chatbot\Maven_settings\org\springframework\boot\spring-boot-autoconfigure\2.1.1.RELEASE\spring-boot-autoconfigure-2.1.1.RELEASE.jar;H:\Chatbot\Maven_settings\mysql\mysql-connector-java\8.0.13\mysql-connector-java-8.0.13.jar;H:\Chatbot\Maven_settings\org\projectlombok\lombok\1.18.4\lombok-1.18.4.jar;H:\Chatbot\Maven_settings\com\google\code\gson\gson\2.8.5\gson-2.8.5.jar;H:\Chatbot\Maven_settings\org\springframework\boot\spring-boot-starter-test\2.1.1.RELEASE\spring-boot-starter-test-2.1.1.RELEASE.jar;H:\Chatbot\Maven_settings\org\springframework\boot\spring-boot-test\2.1.1.RELEASE\spring-boot-test-2.1.1.RELEASE.jar;H:\Chatbot\Maven_settings\org\springframework\boot\spring-boot-test-autoconfigure\2.1.1.RELEASE\spring-boot-test-autoconfigure-2.1.1.RELEASE.jar;H:\Chatbot\Maven_settings\com\jayway\jsonpath\json-path\2.4.0\json-path-2.4.0.jar;H:\Chatbot\Maven_settings\net\minidev\json-smart\2.3\json-smart-2.3.jar;H:\Chatbot\Maven_settings\net\minidev\accessors-smart\1.2\accessors-smart-1.2.jar;H:\Chatbot\Maven_settings\org\ow2\asm\asm\5.0.4\asm-5.0.4.jar;H:\Chatbot\Maven_settings\junit\junit\4.12\junit-4.12.jar;H:\Chatbot\Maven_settings\org\assertj\assertj-core\3.11.1\assertj-core-3.11.1.jar;H:\Chatbot\Maven_settings\org\mockito\mockito-core\2.23.4\mockito-core-2.23.4.jar;H:\Chatbot\Maven_settings\net\bytebuddy\byte-buddy-agent\1.9.5\byte-buddy-agent-1.9.5.jar;H:\Chatbot\Maven_settings\org\objenesis\objenesis\2.6\objenesis-2.6.jar;H:\Chatbot\Maven_settings\org\hamcrest\hamcrest-core\1.3\hamcrest-core-1.3.jar;H:\Chatbot\Maven_settings\org\hamcrest\hamcrest-library\1.3\hamcrest-library-1.3.jar;H:\Chatbot\Maven_settings\org\skyscreamer\jsonassert\1.5.0\jsonassert-1.5.0.jar;H:\Chatbot\Maven_settings\com\vaadin\external\google\android-json\0.0.20131108.vaadin1\android-json-0.0.20131108.vaadin1.jar;H:\Chatbot\Maven_settings\org\springframework\spring-core\5.1.3.RELEASE\spring-core-5.1.3.RELEASE.jar;H:\Chatbot\Maven_settings\org\springframework\spring-jcl\5.1.3.RELEASE\spring-jcl-5.1.3.RELEASE.jar;H:\Chatbot\Maven_settings\org\springframework\spring-test\5.1.3.RELEASE\spring-test-5.1.3.RELEASE.jar;H:\Chatbot\Maven_settings\org\xmlunit\xmlunit-core\2.6.2\xmlunit-core-2.6.2.jar;H:\Chatbot\Maven_settings\org\springframework\security\spring-security-test\5.1.2.RELEASE\spring-security-test-5.1.2.RELEASE.jar;H:\Chatbot\Maven_settings\org\springframework\security\spring-security-core\5.1.2.RELEASE\spring-security-core-5.1.2.RELEASE.jar;"/>
    <property name="sun.cpu.endian" value="little"/>
    <property name="user.home" value="C:\Users\sg853a"/>
    <property name="user.language" value="en"/>
    <property name="java.specification.vendor" value="Oracle Corporation"/>
    <property name="java.home" value="C:\Users\sg853a\Downloads\jdk1.8.0_60\jre"/>
    <property name="basedir" value="H:\Workspace\demo"/>
    <property name="file.separator" value="\"/>
    <property name="line.separator" value="&#10;"/>
    <property name="java.vm.specification.vendor" value="Oracle Corporation"/>
    <property name="java.specification.name" value="Java Platform API Specification"/>
    <property name="java.awt.graphicsenv" value="sun.awt.Win32GraphicsEnvironment"/>
    <property name="surefire.real.class.path" value="C:\Users\sg853a\AppData\Local\Temp\surefire6694409777822447271\surefirebooter7830138138247574948.jar"/>
    <property name="sun.boot.class.path" value="C:\Users\sg853a\Downloads\jdk1.8.0_60\jre\lib\resources.jar;C:\Users\sg853a\Downloads\jdk1.8.0_60\jre\lib\rt.jar;C:\Users\sg853a\Downloads\jdk1.8.0_60\jre\lib\sunrsasign.jar;C:\Users\sg853a\Downloads\jdk1.8.0_60\jre\lib\jsse.jar;C:\Users\sg853a\Downloads\jdk1.8.0_60\jre\lib\jce.jar;C:\Users\sg853a\Downloads\jdk1.8.0_60\jre\lib\charsets.jar;C:\Users\sg853a\Downloads\jdk1.8.0_60\jre\lib\jfr.jar;C:\Users\sg853a\Downloads\jdk1.8.0_60\jre\classes"/>
    <property name="user.script" value=""/>
    <property name="sun.management.compiler" value="HotSpot Client Compiler"/>
    <property name="java.runtime.version" value="1.8.0_60-b27"/>
    <property name="user.name" value="sg853a"/>
    <property name="path.separator" value=";"/>
    <property name="os.version" value="6.1"/>
    <property name="java.endorsed.dirs" value="C:\Users\sg853a\Downloads\jdk1.8.0_60\jre\lib\endorsed"/>
    <property name="java.runtime.name" value="Java(TM) SE Runtime Environment"/>
    <property name="file.encoding" value="Cp1252"/>
    <property name="java.vm.name" value="Java HotSpot(TM) Client VM"/>
    <property name="localRepository" value="H:\Chatbot\Maven_settings"/>
    <property name="java.vendor.url.bug" value="http://bugreport.sun.com/bugreport/"/>
    <property name="java.io.tmpdir" value="C:\Users\sg853a\AppData\Local\Temp\"/>
    <property name="java.version" value="1.8.0_60"/>
    <property name="user.dir" value="H:\Workspace\demo"/>
    <property name="os.arch" value="x86"/>
    <property name="java.vm.specification.name" value="Java Virtual Machine Specification"/>
    <property name="java.awt.printerjob" value="sun.awt.windows.WPrinterJob"/>
    <property name="sun.os.patch.level" value="Service Pack 1"/>
    <property name="java.library.path" value="C:\Users\sg853a\Downloads\jdk1.8.0_60\jre\bin;C:\Windows\Sun\Java\bin;C:\Windows\system32;C:\Windows;C:/Program Files/Java/jre1.8.0_171/bin/server;C:/Program Files/Java/jre1.8.0_171/bin;C:/Program Files/Java/jre1.8.0_171/lib/amd64;C:\oracle_64\product\12.1.0_64\bin;C:\Program Files (x86)\Common Files\Oracle\Java\javapath;C:\oracle\product\11.2.0\bin;C:\Program Files (x86)\Attachmate\E!E2K\;C:\Windows\system32;C:\Windows;C:\Windows\System32\Wbem;C:\Windows\System32\WindowsPowerShell\v1.0\;C:\Windows\System32\WindowsPowerShell\v1.0\;C:\Program Files\Symantec\Workspace Streaming\bin\;C:\Program Files\Symantec\Workspace Virtualization\;C:\Program Files (x86)\Attachmate\Reflection\;C:\Windows\System32\WindowsPowerShell\v1.0\;C:\Program Files (x86)\Enterprise Vault\EVClient\;C:\Program Files\1E\NomadBranch\;C:\Program Files\PuTTY\;C:\Program Files\nodejs\;C:\Program Files\Common Files\ThinPrint\;C:\Windows\System32\WindowsPowerShell\v1.0\;H:\npp.7.6.bin.x64;C:\Users\sg853a\AppData\Roaming\npm;C:\Windows\system32;;."/>
    <property name="java.vm.info" value="mixed mode"/>
    <property name="java.vendor" value="Oracle Corporation"/>
    <property name="java.vm.version" value="25.60-b23"/>
    <property name="java.ext.dirs" value="C:\Users\sg853a\Downloads\jdk1.8.0_60\jre\lib\ext;C:\Windows\Sun\Java\lib\ext"/>
    <property name="sun.io.unicode.encoding" value="UnicodeLittle"/>
    <property name="java.class.version" value="52.0"/>
  </properties>
  <testcase name="contextLoads" classname="com.fakelook.main.DemoApplicationTests" time="0.74"/>
</testsuite>